\BOOKMARK [0][-]{chapter.1}{Problema 1}{}% 1
\BOOKMARK [1][-]{section.1.1}{Descripci\363n del problema}{chapter.1}% 2
\BOOKMARK [1][-]{section.1.2}{Algoritmo}{chapter.1}% 3
\BOOKMARK [1][-]{section.1.3}{Analis\355s de complejidad}{chapter.1}% 4
\BOOKMARK [1][-]{section.1.4}{Experimentos}{chapter.1}% 5
\BOOKMARK [1][-]{section.1.5}{Conclusi\363n}{chapter.1}% 6
\BOOKMARK [0][-]{chapter.2}{Problema 2}{}% 7
\BOOKMARK [1][-]{section.2.1}{Descripci\363n del problema}{chapter.2}% 8
\BOOKMARK [1][-]{section.2.2}{Descripci\363n del algoritmo}{chapter.2}% 9
\BOOKMARK [1][-]{section.2.3}{Experimentos}{chapter.2}% 10
\BOOKMARK [1][-]{section.2.4}{Introducci\363n}{chapter.2}% 11
\BOOKMARK [1][-]{section.2.5}{Procedimiento}{chapter.2}% 12
\BOOKMARK [2][-]{subsection.2.5.1}{Restricciones}{section.2.5}% 13
\BOOKMARK [1][-]{section.2.6}{Estructuras de Datos Utilizadas}{chapter.2}% 14
\BOOKMARK [1][-]{section.2.7}{Algoritmo}{chapter.2}% 15
\BOOKMARK [2][-]{subsection.2.7.1}{An\341lisis de Complejidad}{section.2.7}% 16
\BOOKMARK [1][-]{section.2.8}{Implementaci\363n}{chapter.2}% 17
\BOOKMARK [2][-]{subsection.2.8.1}{Plataforma Computacional}{section.2.8}% 18
\BOOKMARK [1][-]{section.2.9}{Resultados Experimentales}{chapter.2}% 19
\BOOKMARK [0][-]{section*.1}{Appendices}{}% 20
\BOOKMARK [0][-]{Ap\unhbox \voidb@x \bgroup \let \unhbox \voidb@x \setbox \@tempboxa \hbox {e\global \mathchardef \accent@spacefactor \spacefactor }\accent 19 e\egroup \spacefactor \accent@spacefactor \futurelet \@let@token ndice.alph1.Alph1}{Datos experimentales del problema 1}{}% 21
\BOOKMARK [0][-]{Ap\unhbox \voidb@x \bgroup \let \unhbox \voidb@x \setbox \@tempboxa \hbox {e\global \mathchardef \accent@spacefactor \spacefactor }\accent 19 e\egroup \spacefactor \accent@spacefactor \futurelet \@let@token ndice.alph1.Alph2}{Datos experimentales del problema 2}{}% 22
